04/27/2025 04:29:00 PM: INFO: *** Initialize Campaign Objects ***
04/27/2025 04:29:00 PM: INFO: *** Verify login page text ***
04/27/2025 04:29:00 PM: INFO: *** Enter Work Mail ***
04/27/2025 04:29:00 PM: INFO: *** Enter Password ***
04/27/2025 04:29:00 PM: INFO: *** Click on login button ***
04/27/2025 04:29:00 PM: INFO: *** Verify username ***
04/27/2025 04:29:02 PM: INFO: *** Scroll to and click on campaign menu ***
04/27/2025 04:29:02 PM: INFO: *** Click on add campaign button ***
04/27/2025 04:29:04 PM: INFO: *** Add campaign title ***
04/27/2025 04:29:05 PM: INFO: *** Add campaign description ***
04/27/2025 04:29:06 PM: INFO: *** Selected campaign reward ***
04/27/2025 04:29:06 PM: INFO: *** Selected campaign partner program ***
04/27/2025 04:29:06 PM: INFO: *** Selected partner type ***
04/27/2025 04:29:06 PM: INFO: *** Select partner tier ***
04/27/2025 04:29:06 PM: INFO: *** Select partner ***
04/27/2025 04:29:07 PM: INFO: *** Select action ***
04/27/2025 04:29:07 PM: INFO: *** Add destination link ***
04/27/2025 04:29:24 PM: INFO: *** Verify login page text ***
04/27/2025 04:29:24 PM: INFO: *** Enter Work Mail ***
04/27/2025 04:29:24 PM: INFO: *** Enter Password ***
04/27/2025 04:29:24 PM: INFO: *** Click on login button ***
04/27/2025 04:29:24 PM: INFO: *** Verify username ***
04/27/2025 04:29:43 PM: INFO: *** Verify login page text ***
04/27/2025 04:29:43 PM: INFO: *** Enter Work Mail ***
04/27/2025 04:29:43 PM: INFO: *** Enter Password ***
04/27/2025 04:29:43 PM: INFO: *** Click on login button ***
04/27/2025 04:29:43 PM: INFO: *** Verify error message ***
04/27/2025 05:44:21 PM: INFO: *** Initialize Campaign Objects ***
04/27/2025 05:44:21 PM: INFO: *** Verify login page text ***
04/27/2025 05:44:21 PM: INFO: *** Enter Work Mail ***
04/27/2025 05:44:21 PM: INFO: *** Enter Password ***
04/27/2025 05:44:21 PM: INFO: *** Click on login button ***
04/27/2025 05:44:21 PM: INFO: *** Verify username ***
04/27/2025 05:44:25 PM: INFO: *** Scroll to and click on campaign menu ***
04/27/2025 05:44:25 PM: INFO: *** Click on add campaign button ***
04/27/2025 05:44:39 PM: INFO: *** Add campaign title ***
04/27/2025 05:44:39 PM: INFO: *** Add campaign description ***
04/27/2025 05:44:40 PM: INFO: *** Selected campaign reward ***
04/27/2025 05:44:40 PM: INFO: *** Selected campaign partner program ***
04/27/2025 05:44:40 PM: INFO: *** Selected partner type ***
04/27/2025 05:44:40 PM: INFO: *** Select partner tier ***
04/27/2025 05:44:41 PM: INFO: *** Select partner ***
04/27/2025 05:44:41 PM: INFO: *** Select action ***
04/27/2025 05:44:41 PM: INFO: *** Add destination link ***
04/27/2025 05:44:58 PM: INFO: *** Verify login page text ***
04/27/2025 05:44:58 PM: INFO: *** Enter Work Mail ***
04/27/2025 05:44:58 PM: INFO: *** Enter Password ***
04/27/2025 05:44:58 PM: INFO: *** Click on login button ***
04/27/2025 05:44:58 PM: INFO: *** Verify username ***
04/27/2025 05:45:15 PM: INFO: *** Verify login page text ***
04/27/2025 05:45:15 PM: INFO: *** Enter Work Mail ***
04/27/2025 05:45:15 PM: INFO: *** Enter Password ***
04/27/2025 05:45:15 PM: INFO: *** Click on login button ***
04/27/2025 05:45:15 PM: INFO: *** Verify error message ***
04/27/2025 06:00:27 PM: INFO: *** Enter Work Mail ***
04/27/2025 06:00:27 PM: INFO: *** Enter Password ***
04/27/2025 06:00:27 PM: INFO: *** Click on login button ***
04/27/2025 06:00:27 PM: INFO: *** Verify error message ***
04/27/2025 06:00:49 PM: INFO: *** Enter Work Mail ***
04/27/2025 06:00:49 PM: INFO: *** Enter Password ***
04/27/2025 06:00:49 PM: INFO: *** Click on login button ***
04/27/2025 06:00:49 PM: INFO: *** Verify username ***
04/27/2025 06:07:29 PM: INFO: *** Enter Work Mail ***
04/27/2025 06:07:29 PM: INFO: *** Enter Password ***
04/27/2025 06:07:29 PM: INFO: *** Click on login button ***
04/27/2025 06:07:30 PM: INFO: *** Verify username ***
04/27/2025 06:07:33 PM: INFO: *** Enter Work Mail ***
04/27/2025 06:10:54 PM: INFO: *** Enter Work Mail ***
04/27/2025 06:10:54 PM: INFO: *** Enter Password ***
04/27/2025 06:10:54 PM: INFO: *** Click on login button ***
04/27/2025 06:10:54 PM: INFO: *** Verify username ***
04/27/2025 06:11:00 PM: INFO: *** Enter Work Mail ***
04/27/2025 06:12:20 PM: INFO: *** Enter Work Mail ***
04/27/2025 06:12:20 PM: INFO: *** Enter Password ***
04/27/2025 06:12:21 PM: INFO: *** Click on login button ***
04/27/2025 06:12:21 PM: INFO: *** Verify username ***
04/27/2025 06:12:24 PM: INFO: *** Enter Work Mail ***
04/27/2025 06:20:33 PM: INFO: *** Enter Work Mail ***
04/27/2025 06:20:33 PM: INFO: *** Enter Password ***
04/27/2025 06:20:33 PM: INFO: *** Click on login button ***
04/27/2025 06:20:33 PM: INFO: *** Verify username ***
04/27/2025 06:20:35 PM: INFO: *** Initialize Campaign Objects ***
04/27/2025 06:20:35 PM: INFO: *** Scroll to and click on campaign menu ***
04/27/2025 06:20:35 PM: INFO: *** Click on add campaign button ***
04/27/2025 06:20:38 PM: INFO: *** Add campaign title ***
04/27/2025 06:20:38 PM: INFO: *** Add campaign description ***
04/27/2025 06:20:39 PM: INFO: *** Selected campaign reward ***
04/27/2025 06:20:39 PM: INFO: *** Selected campaign partner program ***
04/27/2025 06:20:39 PM: INFO: *** Selected partner type ***
04/27/2025 06:20:39 PM: INFO: *** Select partner tier ***
04/27/2025 06:20:40 PM: INFO: *** Select partner ***
04/27/2025 06:20:40 PM: INFO: *** Select action ***
04/27/2025 06:20:40 PM: INFO: *** Add destination link ***
04/27/2025 06:29:10 PM: INFO: *** Enter Work Mail ***
04/27/2025 06:29:11 PM: INFO: *** Enter Password ***
04/27/2025 06:29:11 PM: INFO: *** Click on login button ***
04/27/2025 06:29:11 PM: INFO: *** Verify username ***
04/27/2025 06:29:15 PM: INFO: *** Initialize Campaign Objects ***
04/27/2025 06:29:15 PM: INFO: *** Scroll to and click on campaign menu ***
04/27/2025 06:29:15 PM: INFO: *** Click on add campaign button ***
04/27/2025 06:29:28 PM: INFO: *** Add campaign title ***
04/27/2025 06:29:28 PM: INFO: *** Add campaign description ***
04/27/2025 06:29:30 PM: INFO: *** Selected campaign reward ***
04/27/2025 06:29:30 PM: INFO: *** Selected campaign partner program ***
04/27/2025 06:29:31 PM: INFO: *** Selected partner type ***
04/27/2025 06:29:31 PM: INFO: *** Select partner tier ***
04/27/2025 06:29:31 PM: INFO: *** Select partner ***
04/27/2025 06:29:31 PM: INFO: *** Select action ***
04/27/2025 06:29:31 PM: INFO: *** Add destination link ***
04/27/2025 06:29:32 PM: INFO: *** Click save campaign button ***
04/27/2025 06:29:32 PM: INFO: *** Verify error message ***
04/27/2025 06:32:25 PM: INFO: *** Enter Work Mail ***
04/27/2025 06:32:25 PM: INFO: *** Enter Password ***
04/27/2025 06:32:25 PM: INFO: *** Click on login button ***
04/27/2025 06:32:25 PM: INFO: *** Verify username ***
04/27/2025 06:32:28 PM: INFO: *** Initialize Campaign Objects ***
04/27/2025 06:32:28 PM: INFO: *** Scroll to and click on campaign menu ***
04/27/2025 06:32:28 PM: INFO: *** Click on add campaign button ***
04/27/2025 06:32:43 PM: INFO: *** Add campaign title ***
04/27/2025 06:32:43 PM: INFO: *** Add campaign description ***
04/27/2025 06:32:44 PM: INFO: *** Selected campaign reward ***
04/27/2025 06:32:44 PM: INFO: *** Selected campaign partner program ***
04/27/2025 06:32:44 PM: INFO: *** Selected partner type ***
04/27/2025 06:32:44 PM: INFO: *** Select partner tier ***
04/27/2025 06:32:45 PM: INFO: *** Select partner ***
04/27/2025 06:32:45 PM: INFO: *** Select action ***
04/27/2025 06:32:45 PM: INFO: *** Add destination link ***
04/27/2025 06:32:45 PM: INFO: *** Click save campaign button ***
04/27/2025 06:32:45 PM: INFO: *** Verify error message ***
04/27/2025 06:37:42 PM: INFO: *** Enter Work Mail ***
04/27/2025 06:37:42 PM: INFO: *** Enter Password ***
04/27/2025 06:37:42 PM: INFO: *** Click on login button ***
04/27/2025 06:37:42 PM: INFO: *** Verify username ***
04/27/2025 06:37:46 PM: INFO: *** Initialize Campaign Objects ***
04/27/2025 06:37:46 PM: INFO: *** Scroll to and click on campaign menu ***
04/27/2025 06:37:46 PM: INFO: *** Click on add campaign button ***
04/27/2025 06:38:12 PM: INFO: *** Add campaign title ***
04/27/2025 06:38:12 PM: INFO: *** Add campaign description ***
04/27/2025 06:38:14 PM: INFO: *** Selected campaign reward ***
04/27/2025 06:38:14 PM: INFO: *** Selected campaign partner program ***
04/27/2025 06:38:14 PM: INFO: *** Selected partner type ***
04/27/2025 06:38:14 PM: INFO: *** Select partner tier ***
04/27/2025 06:38:14 PM: INFO: *** Select partner ***
04/27/2025 06:38:14 PM: INFO: *** Select action ***
04/27/2025 06:38:15 PM: INFO: *** Add destination link ***
04/27/2025 06:38:15 PM: INFO: *** Click save campaign button ***
04/27/2025 06:38:15 PM: INFO: *** Verify error message ***
04/27/2025 06:39:19 PM: INFO: *** Enter Work Mail ***
04/27/2025 06:39:19 PM: INFO: *** Enter Password ***
04/27/2025 06:39:19 PM: INFO: *** Click on login button ***
04/27/2025 06:39:19 PM: INFO: *** Verify username ***
04/27/2025 06:39:23 PM: INFO: *** Initialize Campaign Objects ***
04/27/2025 06:39:23 PM: INFO: *** Scroll to and click on campaign menu ***
04/27/2025 06:39:23 PM: INFO: *** Click on add campaign button ***
04/27/2025 06:39:50 PM: INFO: *** Add campaign title ***
04/27/2025 06:39:50 PM: INFO: *** Add campaign description ***
04/27/2025 06:39:51 PM: INFO: *** Selected campaign reward ***
04/27/2025 06:39:51 PM: INFO: *** Selected campaign partner program ***
04/27/2025 06:39:51 PM: INFO: *** Selected partner type ***
04/27/2025 06:39:51 PM: INFO: *** Select partner tier ***
04/27/2025 06:39:52 PM: INFO: *** Select partner ***
04/27/2025 06:39:52 PM: INFO: *** Select action ***
04/27/2025 06:39:52 PM: INFO: *** Add destination link ***
04/27/2025 06:39:52 PM: INFO: *** Click save campaign button ***
04/27/2025 06:39:52 PM: INFO: *** Verify error message ***
04/27/2025 06:41:39 PM: INFO: *** Enter Work Mail ***
04/27/2025 06:41:39 PM: INFO: *** Enter Password ***
04/27/2025 06:41:39 PM: INFO: *** Click on login button ***
04/27/2025 06:41:39 PM: INFO: *** Verify username ***
04/27/2025 06:41:42 PM: INFO: *** Initialize Campaign Objects ***
04/27/2025 06:41:42 PM: INFO: *** Scroll to and click on campaign menu ***
04/27/2025 06:41:42 PM: INFO: *** Click on add campaign button ***
04/27/2025 06:42:05 PM: INFO: *** Add campaign title ***
04/27/2025 06:42:05 PM: INFO: *** Add campaign description ***
04/27/2025 06:42:07 PM: INFO: *** Selected campaign reward ***
04/27/2025 06:42:07 PM: INFO: *** Selected campaign partner program ***
04/27/2025 06:42:07 PM: INFO: *** Selected partner type ***
04/27/2025 06:42:07 PM: INFO: *** Select partner tier ***
04/27/2025 06:42:07 PM: INFO: *** Select partner ***
04/27/2025 06:42:07 PM: INFO: *** Select action ***
04/27/2025 06:42:08 PM: INFO: *** Add destination link ***
04/27/2025 06:42:08 PM: INFO: *** Click save campaign button ***
04/27/2025 06:42:08 PM: INFO: *** Verify error message ***
04/27/2025 06:43:05 PM: INFO: *** Enter Work Mail ***
04/27/2025 06:43:05 PM: INFO: *** Enter Password ***
04/27/2025 06:43:05 PM: INFO: *** Click on login button ***
04/27/2025 06:43:05 PM: INFO: *** Verify error message ***
04/27/2025 06:43:29 PM: INFO: *** Enter Work Mail ***
04/27/2025 06:43:30 PM: INFO: *** Enter Password ***
04/27/2025 06:43:30 PM: INFO: *** Click on login button ***
04/27/2025 06:43:30 PM: INFO: *** Verify username ***
04/27/2025 06:55:00 PM: INFO: *** Enter Work Mail ***
04/27/2025 06:55:00 PM: INFO: *** Enter Password ***
04/27/2025 06:55:00 PM: INFO: *** Click on login button ***
04/27/2025 06:55:00 PM: INFO: *** Verify username ***
04/27/2025 06:55:03 PM: INFO: *** Initialize Campaign Objects ***
04/27/2025 06:55:03 PM: INFO: *** Scroll to and click on campaign menu ***
04/27/2025 06:55:03 PM: INFO: *** Click on add campaign button ***
04/27/2025 06:55:18 PM: INFO: *** Add campaign title ***
04/27/2025 06:55:18 PM: INFO: *** Add campaign description ***
04/27/2025 06:55:20 PM: INFO: *** Selected campaign reward ***
04/27/2025 06:55:20 PM: INFO: *** Selected campaign partner program ***
04/27/2025 06:55:20 PM: INFO: *** Selected partner type ***
04/27/2025 06:55:20 PM: INFO: *** Select partner tier ***
04/27/2025 06:55:20 PM: INFO: *** Select partner ***
04/27/2025 06:55:21 PM: INFO: *** Select action ***
04/27/2025 06:55:21 PM: INFO: *** Add destination link ***
04/27/2025 06:55:21 PM: INFO: *** Click save campaign button ***
04/27/2025 06:55:21 PM: INFO: *** Verify error message ***
04/27/2025 06:55:38 PM: INFO: *** Enter Work Mail ***
04/27/2025 06:55:38 PM: INFO: *** Enter Password ***
04/27/2025 06:55:38 PM: INFO: *** Click on login button ***
04/27/2025 06:55:38 PM: INFO: *** Verify username ***
04/27/2025 06:55:41 PM: INFO: *** Initialize Campaign Objects ***
04/27/2025 06:55:41 PM: INFO: *** Scroll to and click on campaign menu ***
04/27/2025 06:55:41 PM: INFO: *** Click on add campaign button ***
04/27/2025 06:55:44 PM: INFO: *** Add campaign title ***
04/27/2025 06:55:44 PM: INFO: *** Add campaign description ***
04/27/2025 06:55:46 PM: INFO: *** Selected campaign reward ***
04/27/2025 06:55:46 PM: INFO: *** Selected campaign partner program ***
04/27/2025 06:55:46 PM: INFO: *** Selected partner type ***
04/27/2025 06:55:46 PM: INFO: *** Select partner tier ***
04/27/2025 06:55:47 PM: INFO: *** Select partner ***
04/27/2025 06:55:47 PM: INFO: *** Select action ***
04/27/2025 06:55:47 PM: INFO: *** Add destination link ***
04/27/2025 06:55:47 PM: INFO: *** Click save campaign button ***
04/27/2025 06:55:47 PM: INFO: *** Verify error message ***
04/27/2025 06:56:05 PM: INFO: *** Enter Work Mail ***
04/27/2025 06:56:05 PM: INFO: *** Enter Password ***
04/27/2025 06:56:05 PM: INFO: *** Click on login button ***
04/27/2025 06:56:05 PM: INFO: *** Verify error message ***
04/27/2025 06:56:26 PM: INFO: *** Enter Work Mail ***
04/27/2025 06:56:26 PM: INFO: *** Enter Password ***
04/27/2025 06:56:26 PM: INFO: *** Click on login button ***
04/27/2025 06:56:26 PM: INFO: *** Verify username ***
04/27/2025 06:59:21 PM: INFO: *** Enter Work Mail ***
04/27/2025 06:59:21 PM: INFO: *** Enter Password ***
04/27/2025 06:59:21 PM: INFO: *** Click on login button ***
04/27/2025 06:59:21 PM: INFO: *** Verify username ***
04/27/2025 06:59:24 PM: INFO: *** Initialize Campaign Objects ***
04/27/2025 06:59:24 PM: INFO: *** Scroll to and click on campaign menu ***
04/27/2025 06:59:24 PM: INFO: *** Click on add campaign button ***
04/27/2025 06:59:30 PM: INFO: *** Add campaign title ***
04/27/2025 06:59:30 PM: INFO: *** Add campaign description ***
04/27/2025 06:59:32 PM: INFO: *** Selected campaign reward ***
04/27/2025 06:59:32 PM: INFO: *** Selected campaign partner program ***
04/27/2025 06:59:32 PM: INFO: *** Selected partner type ***
04/27/2025 06:59:32 PM: INFO: *** Select partner tier ***
04/27/2025 06:59:32 PM: INFO: *** Select partner ***
04/27/2025 06:59:32 PM: INFO: *** Select action ***
04/27/2025 06:59:33 PM: INFO: *** Add destination link ***
04/27/2025 06:59:33 PM: INFO: *** Click save campaign button ***
04/27/2025 06:59:33 PM: INFO: *** Verify error message ***
04/27/2025 06:59:50 PM: INFO: *** Enter Work Mail ***
04/27/2025 06:59:50 PM: INFO: *** Enter Password ***
04/27/2025 06:59:50 PM: INFO: *** Click on login button ***
04/27/2025 06:59:50 PM: INFO: *** Verify error message ***
04/27/2025 07:00:07 PM: INFO: *** Enter Work Mail ***
04/27/2025 07:00:07 PM: INFO: *** Enter Password ***
04/27/2025 07:00:07 PM: INFO: *** Click on login button ***
04/27/2025 07:00:07 PM: INFO: *** Verify username ***
04/27/2025 07:01:49 PM: INFO: *** Enter Work Mail ***
04/27/2025 07:01:49 PM: INFO: *** Enter Password ***
04/27/2025 07:01:49 PM: INFO: *** Click on login button ***
04/27/2025 07:01:50 PM: INFO: *** Verify username ***
04/27/2025 07:01:52 PM: INFO: *** Initialize Campaign Objects ***
04/27/2025 07:01:52 PM: INFO: *** Scroll to and click on campaign menu ***
04/27/2025 07:01:53 PM: INFO: *** Click on add campaign button ***
04/27/2025 07:01:55 PM: INFO: *** Add campaign title ***
04/27/2025 07:01:55 PM: INFO: *** Add campaign description ***
04/27/2025 07:01:56 PM: INFO: *** Selected campaign reward ***
04/27/2025 07:01:56 PM: INFO: *** Selected campaign partner program ***
04/27/2025 07:01:56 PM: INFO: *** Selected partner type ***
04/27/2025 07:01:56 PM: INFO: *** Select partner tier ***
04/27/2025 07:01:57 PM: INFO: *** Select partner ***
04/27/2025 07:01:57 PM: INFO: *** Select action ***
04/27/2025 07:01:57 PM: INFO: *** Add destination link ***
04/27/2025 07:01:57 PM: INFO: *** Click save campaign button ***
04/27/2025 07:01:57 PM: INFO: *** Verify error message ***
04/27/2025 07:02:38 PM: INFO: *** Enter Work Mail ***
04/27/2025 07:02:38 PM: INFO: *** Enter Password ***
04/27/2025 07:02:38 PM: INFO: *** Click on login button ***
04/27/2025 07:02:38 PM: INFO: *** Verify username ***
04/27/2025 07:02:40 PM: INFO: *** Initialize Campaign Objects ***
04/27/2025 07:02:40 PM: INFO: *** Scroll to and click on campaign menu ***
04/27/2025 07:02:41 PM: INFO: *** Click on add campaign button ***
04/27/2025 07:02:43 PM: INFO: *** Add campaign title ***
04/27/2025 07:02:44 PM: INFO: *** Add campaign description ***
04/27/2025 07:02:45 PM: INFO: *** Selected campaign reward ***
04/27/2025 07:02:45 PM: INFO: *** Selected campaign partner program ***
04/27/2025 07:02:45 PM: INFO: *** Selected partner type ***
04/27/2025 07:02:45 PM: INFO: *** Select partner tier ***
04/27/2025 07:02:45 PM: INFO: *** Select partner ***
04/27/2025 07:02:45 PM: INFO: *** Select action ***
04/27/2025 07:02:46 PM: INFO: *** Add destination link ***
04/27/2025 07:02:46 PM: INFO: *** Click save campaign button ***
04/27/2025 07:02:46 PM: INFO: *** Verify error message ***
04/27/2025 07:03:34 PM: INFO: *** Enter Work Mail ***
04/27/2025 07:03:34 PM: INFO: *** Enter Password ***
04/27/2025 07:03:34 PM: INFO: *** Click on login button ***
04/27/2025 07:03:34 PM: INFO: *** Verify username ***
04/27/2025 07:03:39 PM: INFO: *** Initialize Campaign Objects ***
04/27/2025 07:03:39 PM: INFO: *** Scroll to and click on campaign menu ***
04/27/2025 07:03:39 PM: INFO: *** Click on add campaign button ***
04/27/2025 07:03:54 PM: INFO: *** Add campaign title ***
04/27/2025 07:03:54 PM: INFO: *** Add campaign description ***
04/27/2025 07:03:57 PM: INFO: *** Selected campaign reward ***
04/27/2025 07:03:57 PM: INFO: *** Selected campaign partner program ***
04/27/2025 07:03:57 PM: INFO: *** Selected partner type ***
04/27/2025 07:03:57 PM: INFO: *** Select partner tier ***
04/27/2025 07:03:57 PM: INFO: *** Select partner ***
04/27/2025 07:03:58 PM: INFO: *** Select action ***
04/27/2025 07:03:58 PM: INFO: *** Add destination link ***
04/27/2025 07:04:06 PM: INFO: *** Click save campaign button ***
04/27/2025 07:04:53 PM: INFO: *** Verify error message ***
04/27/2025 07:06:02 PM: INFO: *** Enter Work Mail ***
04/27/2025 07:06:02 PM: INFO: *** Enter Password ***
04/27/2025 07:06:02 PM: INFO: *** Click on login button ***
04/27/2025 07:06:02 PM: INFO: *** Verify username ***
04/27/2025 07:06:04 PM: INFO: *** Initialize Campaign Objects ***
04/27/2025 07:06:04 PM: INFO: *** Scroll to and click on campaign menu ***
04/27/2025 07:06:04 PM: INFO: *** Click on add campaign button ***
04/27/2025 07:06:07 PM: INFO: *** Add campaign title ***
04/27/2025 07:06:07 PM: INFO: *** Add campaign description ***
04/27/2025 07:06:08 PM: INFO: *** Selected campaign reward ***
04/27/2025 07:06:08 PM: INFO: *** Selected campaign partner program ***
04/27/2025 07:06:08 PM: INFO: *** Selected partner type ***
04/27/2025 07:06:08 PM: INFO: *** Select partner tier ***
04/27/2025 07:06:09 PM: INFO: *** Select partner ***
04/27/2025 07:06:09 PM: INFO: *** Select action ***
04/27/2025 07:06:09 PM: INFO: *** Add destination link ***
04/27/2025 07:06:13 PM: INFO: *** Click save campaign button ***
04/27/2025 07:06:18 PM: INFO: *** Verify error message ***
04/27/2025 07:06:54 PM: INFO: *** Enter Work Mail ***
04/27/2025 07:06:54 PM: INFO: *** Enter Password ***
04/27/2025 07:06:54 PM: INFO: *** Click on login button ***
04/27/2025 07:06:54 PM: INFO: *** Verify username ***
04/27/2025 07:06:58 PM: INFO: *** Initialize Campaign Objects ***
04/27/2025 07:06:58 PM: INFO: *** Scroll to and click on campaign menu ***
04/27/2025 07:06:58 PM: INFO: *** Click on add campaign button ***
04/27/2025 07:07:03 PM: INFO: *** Add campaign title ***
04/27/2025 07:07:03 PM: INFO: *** Add campaign description ***
04/27/2025 07:07:04 PM: INFO: *** Selected campaign reward ***
04/27/2025 07:07:05 PM: INFO: *** Selected campaign partner program ***
04/27/2025 07:07:05 PM: INFO: *** Selected partner type ***
04/27/2025 07:07:05 PM: INFO: *** Select partner tier ***
04/27/2025 07:07:05 PM: INFO: *** Select partner ***
04/27/2025 07:07:05 PM: INFO: *** Select action ***
04/27/2025 07:07:05 PM: INFO: *** Add destination link ***
04/27/2025 07:07:06 PM: INFO: *** Click save campaign button ***
04/27/2025 07:07:06 PM: INFO: *** Verify error message ***
04/27/2025 07:07:53 PM: INFO: *** Enter Work Mail ***
04/27/2025 07:07:53 PM: INFO: *** Enter Password ***
04/27/2025 07:07:53 PM: INFO: *** Click on login button ***
04/27/2025 07:07:53 PM: INFO: *** Verify username ***
04/27/2025 07:07:56 PM: INFO: *** Initialize Campaign Objects ***
04/27/2025 07:07:56 PM: INFO: *** Scroll to and click on campaign menu ***
04/27/2025 07:07:56 PM: INFO: *** Click on add campaign button ***
04/27/2025 07:08:00 PM: INFO: *** Add campaign title ***
04/27/2025 07:08:01 PM: INFO: *** Add campaign description ***
04/27/2025 07:08:03 PM: INFO: *** Selected campaign reward ***
04/27/2025 07:08:03 PM: INFO: *** Selected campaign partner program ***
04/27/2025 07:08:03 PM: INFO: *** Selected partner type ***
04/27/2025 07:08:03 PM: INFO: *** Select partner tier ***
04/27/2025 07:08:03 PM: INFO: *** Select partner ***
04/27/2025 07:08:04 PM: INFO: *** Select action ***
04/27/2025 07:08:04 PM: INFO: *** Add destination link ***
04/27/2025 07:08:04 PM: INFO: *** Click save campaign button ***
04/27/2025 07:08:04 PM: INFO: *** Verify error message ***
04/27/2025 07:08:22 PM: INFO: *** Enter Work Mail ***
04/27/2025 07:08:22 PM: INFO: *** Enter Password ***
04/27/2025 07:08:22 PM: INFO: *** Click on login button ***
04/27/2025 07:08:22 PM: INFO: *** Verify username ***
04/27/2025 07:08:24 PM: INFO: *** Initialize Campaign Objects ***
04/27/2025 07:08:24 PM: INFO: *** Scroll to and click on campaign menu ***
04/27/2025 07:08:24 PM: INFO: *** Click on add campaign button ***
04/27/2025 07:08:27 PM: INFO: *** Add campaign title ***
04/27/2025 07:08:27 PM: INFO: *** Add campaign description ***
04/27/2025 07:08:28 PM: INFO: *** Selected campaign reward ***
04/27/2025 07:08:29 PM: INFO: *** Selected campaign partner program ***
04/27/2025 07:08:29 PM: INFO: *** Selected partner type ***
04/27/2025 07:08:29 PM: INFO: *** Select partner tier ***
04/27/2025 07:08:29 PM: INFO: *** Select partner ***
04/27/2025 07:08:29 PM: INFO: *** Select action ***
04/27/2025 07:08:29 PM: INFO: *** Add destination link ***
04/27/2025 07:08:30 PM: INFO: *** Click save campaign button ***
04/27/2025 07:08:30 PM: INFO: *** Verify error message ***
04/27/2025 07:08:46 PM: INFO: *** Enter Work Mail ***
04/27/2025 07:08:46 PM: INFO: *** Enter Password ***
04/27/2025 07:08:46 PM: INFO: *** Click on login button ***
04/27/2025 07:08:46 PM: INFO: *** Verify error message ***
04/27/2025 07:09:06 PM: INFO: *** Enter Work Mail ***
04/27/2025 07:09:06 PM: INFO: *** Enter Password ***
04/27/2025 07:09:06 PM: INFO: *** Click on login button ***
04/27/2025 07:09:06 PM: INFO: *** Verify username ***
04/27/2025 07:19:12 PM: INFO: *** Enter Work Mail ***
04/27/2025 07:19:12 PM: INFO: *** Enter Password ***
04/27/2025 07:19:13 PM: INFO: *** Click on login button ***
04/27/2025 07:19:13 PM: INFO: *** Verify username ***
04/27/2025 07:19:17 PM: INFO: *** Initialize Campaign Objects ***
04/27/2025 07:19:17 PM: INFO: *** Scroll to and click on campaign menu ***
04/27/2025 07:19:17 PM: INFO: *** Click on add campaign button ***
04/27/2025 07:19:39 PM: INFO: *** Add campaign title ***
04/27/2025 07:19:39 PM: INFO: *** Add campaign description ***
04/27/2025 07:19:42 PM: INFO: *** Selected campaign reward ***
04/27/2025 07:19:42 PM: INFO: *** Selected campaign partner program ***
04/27/2025 07:19:42 PM: INFO: *** Selected partner type ***
04/27/2025 07:19:42 PM: INFO: *** Select partner tier ***
04/27/2025 07:19:42 PM: INFO: *** Select partner ***
04/27/2025 07:19:43 PM: INFO: *** Select action ***
04/27/2025 07:19:43 PM: INFO: *** Add destination link ***
04/27/2025 07:19:43 PM: INFO: *** Click save campaign button ***
04/27/2025 07:19:43 PM: INFO: *** Verify error message ***
04/27/2025 07:20:09 PM: INFO: *** Enter Work Mail ***
04/27/2025 07:20:09 PM: INFO: *** Enter Password ***
04/27/2025 07:20:09 PM: INFO: *** Click on login button ***
04/27/2025 07:20:10 PM: INFO: *** Verify username ***
04/27/2025 07:20:14 PM: INFO: *** Initialize Campaign Objects ***
04/27/2025 07:20:14 PM: INFO: *** Scroll to and click on campaign menu ***
04/27/2025 07:20:14 PM: INFO: *** Click on add campaign button ***
04/27/2025 07:20:30 PM: INFO: *** Add campaign title ***
04/27/2025 07:20:30 PM: INFO: *** Add campaign description ***
04/27/2025 07:20:32 PM: INFO: *** Selected campaign reward ***
04/27/2025 07:20:32 PM: INFO: *** Selected campaign partner program ***
04/27/2025 07:20:32 PM: INFO: *** Selected partner type ***
04/27/2025 07:20:32 PM: INFO: *** Select partner tier ***
04/27/2025 07:20:32 PM: INFO: *** Select partner ***
04/27/2025 07:20:33 PM: INFO: *** Select action ***
04/27/2025 07:20:33 PM: INFO: *** Add destination link ***
04/27/2025 07:20:33 PM: INFO: *** Click save campaign button ***
04/27/2025 07:20:33 PM: INFO: *** Verify error message ***
04/27/2025 07:20:52 PM: INFO: *** Enter Work Mail ***
04/27/2025 07:20:52 PM: INFO: *** Enter Password ***
04/27/2025 07:20:52 PM: INFO: *** Click on login button ***
04/27/2025 07:20:52 PM: INFO: *** Verify error message ***
04/27/2025 07:21:08 PM: INFO: *** Enter Work Mail ***
04/27/2025 07:21:08 PM: INFO: *** Enter Password ***
04/27/2025 07:21:08 PM: INFO: *** Click on login button ***
04/27/2025 07:21:08 PM: INFO: *** Verify username ***
04/27/2025 07:22:38 PM: INFO: *** Enter Work Mail ***
04/27/2025 07:22:38 PM: INFO: *** Enter Password ***
04/27/2025 07:22:38 PM: INFO: *** Click on login button ***
04/27/2025 07:22:38 PM: INFO: *** Verify username ***
04/27/2025 07:22:41 PM: INFO: *** Initialize Campaign Objects ***
04/27/2025 07:22:41 PM: INFO: *** Scroll to and click on campaign menu ***
04/27/2025 07:22:42 PM: INFO: *** Click on add campaign button ***
04/27/2025 07:23:13 PM: INFO: *** Add campaign title ***
04/27/2025 07:23:13 PM: INFO: *** Add campaign description ***
04/27/2025 07:23:16 PM: INFO: *** Selected campaign reward ***
04/27/2025 07:23:16 PM: INFO: *** Selected campaign partner program ***
04/27/2025 07:23:16 PM: INFO: *** Selected partner type ***
04/27/2025 07:23:16 PM: INFO: *** Select partner tier ***
04/27/2025 07:23:16 PM: INFO: *** Select partner ***
04/27/2025 07:23:16 PM: INFO: *** Select action ***
04/27/2025 07:23:17 PM: INFO: *** Add destination link ***
04/27/2025 07:23:17 PM: INFO: *** Click save campaign button ***
04/27/2025 07:23:17 PM: INFO: *** Verify error message ***
04/27/2025 07:23:39 PM: INFO: *** Enter Work Mail ***
04/27/2025 07:23:39 PM: INFO: *** Enter Password ***
04/27/2025 07:23:39 PM: INFO: *** Click on login button ***
04/27/2025 07:23:39 PM: INFO: *** Verify username ***
04/27/2025 07:23:42 PM: INFO: *** Initialize Campaign Objects ***
04/27/2025 07:23:42 PM: INFO: *** Scroll to and click on campaign menu ***
04/27/2025 07:23:42 PM: INFO: *** Click on add campaign button ***
04/27/2025 07:24:04 PM: INFO: *** Add campaign title ***
04/27/2025 07:24:04 PM: INFO: *** Add campaign description ***
04/27/2025 07:24:11 PM: INFO: *** Selected campaign reward ***
04/27/2025 07:24:11 PM: INFO: *** Selected campaign partner program ***
04/27/2025 07:24:11 PM: INFO: *** Selected partner type ***
04/27/2025 07:24:11 PM: INFO: *** Select partner tier ***
04/27/2025 07:24:12 PM: INFO: *** Select partner ***
04/27/2025 07:24:12 PM: INFO: *** Select action ***
04/27/2025 07:24:12 PM: INFO: *** Add destination link ***
04/27/2025 07:24:12 PM: INFO: *** Click save campaign button ***
04/27/2025 07:24:12 PM: INFO: *** Verify error message ***
04/27/2025 07:24:33 PM: INFO: *** Enter Work Mail ***
04/27/2025 07:24:33 PM: INFO: *** Enter Password ***
04/27/2025 07:24:33 PM: INFO: *** Click on login button ***
04/27/2025 07:24:33 PM: INFO: *** Verify error message ***
04/27/2025 07:25:15 PM: INFO: *** Enter Work Mail ***
04/27/2025 07:25:15 PM: INFO: *** Enter Password ***
04/27/2025 07:25:15 PM: INFO: *** Click on login button ***
04/27/2025 07:25:15 PM: INFO: *** Verify username ***
